<?xml version="1.0" encoding="UTF-8"?>
<testsuite xmlns:xsi="http://www.w3.org/2001/XMLSchema-instance" xsi:noNamespaceSchemaLocation="https://maven.apache.org/surefire/maven-surefire-plugin/xsd/surefire-test-report.xsd" version="3.0.2" name="com.losagiles.CineAgile.Entrada.EntradaTest" time="0.454" tests="2" errors="0" skipped="0" failures="1">
  <properties>
[...]
</properties>
  <testcase name="prueba1" classname="com.losagiles.CineAgile.Entrada.EntradaTest" time="0.227">
    <failure message="expected: &lt;true&gt; but was: &lt;false&gt;" type="org.opentest4j.AssertionFailedError"><![CDATA[org.opentest4j.AssertionFailedError: expected: <true> but was: <false>
	at org.junit.jupiter.api.AssertionFailureBuilder.build(AssertionFailureBuilder.java:151)
	at org.junit.jupiter.api.AssertionFailureBuilder.buildAndThrow(AssertionFailureBuilder.java:132)
	at org.junit.jupiter.api.AssertEquals.failNotEqual(AssertEquals.java:197)
	at org.junit.jupiter.api.AssertEquals.assertEquals(AssertEquals.java:182)
	at org.junit.jupiter.api.AssertEquals.assertEquals(AssertEquals.java:177)
	at org.junit.jupiter.api.Assertions.assertEquals(Assertions.java:1145)
	at com.losagiles.CineAgile.Entrada.EntradaTest.prueba1(EntradaTest.java:22)
	at java.base/java.lang.reflect.Method.invoke(Method.java:580)
	at java.base/java.util.ArrayList.forEach(ArrayList.java:1596)
	at java.base/java.util.ArrayList.forEach(ArrayList.java:1596)
]]></failure>
    <system-out><![CDATA[2025-09-09T22:48:18.975-05:00  INFO 2948 --- [CineAgile] [           main] t.c.s.AnnotationConfigContextLoaderUtils : Could not detect default configuration classes for test class [com.losagiles.CineAgile.Entrada.EntradaTest]: EntradaTest does not declare any static, non-private, non-final, nested classes annotated with @Configuration.
2025-09-09T22:48:18.981-05:00  INFO 2948 --- [CineAgile] [           main] .b.t.c.SpringBootTestContextBootstrapper : Found @SpringBootConfiguration com.losagiles.CineAgile.CineAgileApplication for test class com.losagiles.CineAgile.Entrada.EntradaTest
Hibernate: select count(e1_0.id_funcion)<>0 from "cine-dev".entrada e1_0 where e1_0.id_funcion=? and e1_0.estado='listo'
]]></system-out>
  </testcase>
  <testcase name="prueba2" classname="com.losagiles.CineAgile.Entrada.EntradaTest" time="0.214">
    <system-out><![CDATA[prueba756
Hibernate: select e1_0.butaca_id,e1_0.id_funcion,e1_0.costo_final,e1_0.estado,e1_0.persona,e1_0.tiempo_registro from "cine-dev".entrada e1_0 where e1_0.id_funcion=? and e1_0.butaca_id=?
]]></system-out>
  </testcase>
</testsuite>